<?xml version="1.0" encoding="UTF-8"?>
<testng-results ignored="0" total="2" passed="1" failed="1" skipped="0">
  <reporter-output>
  </reporter-output>
  <suite started-at="2021-01-21T16:12:33 MST" name="Default Suite" finished-at="2021-01-21T16:12:44 MST" duration-ms="10763">
    <groups>
    </groups>
    <test started-at="2021-01-21T16:12:33 MST" name="DemoProject" finished-at="2021-01-21T16:12:44 MST" duration-ms="10763">
      <class name="Example3">
        <test-method is-config="true" signature="beforeSuite()[pri:0, instance:Example3@7181ae3f]" started-at="2021-01-21T16:12:33 MST" name="beforeSuite" finished-at="2021-01-21T16:12:33 MST" duration-ms="16" status="PASS">
          <reporter-output>
          </reporter-output>
        </test-method> <!-- beforeSuite -->
        <test-method is-config="true" signature="envSetup()[pri:0, instance:Example3@7181ae3f]" started-at="2021-01-21T16:12:33 MST" name="envSetup" finished-at="2021-01-21T16:12:33 MST" duration-ms="0" status="PASS">
          <reporter-output>
          </reporter-output>
        </test-method> <!-- envSetup -->
        <test-method is-config="true" signature="testSetup()[pri:0, instance:Example3@7181ae3f]" started-at="2021-01-21T16:12:33 MST" name="testSetup" finished-at="2021-01-21T16:12:37 MST" duration-ms="3956" status="PASS">
          <reporter-output>
          </reporter-output>
        </test-method> <!-- testSetup -->
        <test-method signature="gmailNavigation()[pri:0, instance:Example3@7181ae3f]" started-at="2021-01-21T16:12:37 MST" name="gmailNavigation" finished-at="2021-01-21T16:12:40 MST" duration-ms="2149" status="PASS">
          <reporter-output>
          </reporter-output>
        </test-method> <!-- gmailNavigation -->
        <test-method is-config="true" signature="tearDown()[pri:0, instance:Example3@7181ae3f]" started-at="2021-01-21T16:12:40 MST" name="tearDown" finished-at="2021-01-21T16:12:40 MST" duration-ms="650" status="PASS">
          <reporter-output>
          </reporter-output>
        </test-method> <!-- tearDown -->
        <test-method is-config="true" signature="testSetup()[pri:0, instance:Example3@7181ae3f]" started-at="2021-01-21T16:12:40 MST" name="testSetup" finished-at="2021-01-21T16:12:43 MST" duration-ms="3305" status="PASS">
          <reporter-output>
          </reporter-output>
        </test-method> <!-- testSetup -->
        <test-method signature="myTest2()[pri:0, instance:Example3@7181ae3f]" started-at="2021-01-21T16:12:43 MST" name="myTest2" finished-at="2021-01-21T16:12:43 MST" duration-ms="0" status="FAIL">
          <exception class="java.lang.AssertionError">
            <message>
              <![CDATA[method failed expected [true] but found [false]]]>
            </message>
            <full-stacktrace>
              <![CDATA[java.lang.AssertionError: method failed expected [true] but found [false]
at org.testng.Assert.fail(Assert.java:99)
at org.testng.Assert.failNotEquals(Assert.java:1037)
at org.testng.Assert.assertTrue(Assert.java:45)
at Example3.myTest2(Example3.java:39)
at java.base/jdk.internal.reflect.NativeMethodAccessorImpl.invoke0(Native Method)
at java.base/jdk.internal.reflect.NativeMethodAccessorImpl.invoke(NativeMethodAccessorImpl.java:62)
at java.base/jdk.internal.reflect.DelegatingMethodAccessorImpl.invoke(DelegatingMethodAccessorImpl.java:43)
at java.base/java.lang.reflect.Method.invoke(Method.java:564)
at org.testng.internal.MethodInvocationHelper.invokeMethod(MethodInvocationHelper.java:132)
at org.testng.internal.TestInvoker.invokeMethod(TestInvoker.java:599)
at org.testng.internal.TestInvoker.invokeTestMethod(TestInvoker.java:174)
at org.testng.internal.MethodRunner.runInSequence(MethodRunner.java:46)
at org.testng.internal.TestInvoker$MethodInvocationAgent.invoke(TestInvoker.java:822)
at org.testng.internal.TestInvoker.invokeTestMethods(TestInvoker.java:147)
at org.testng.internal.TestMethodWorker.invokeTestMethods(TestMethodWorker.java:146)
at org.testng.internal.TestMethodWorker.run(TestMethodWorker.java:128)
at java.base/java.util.ArrayList.forEach(ArrayList.java:1511)
at org.testng.TestRunner.privateRun(TestRunner.java:764)
at org.testng.TestRunner.run(TestRunner.java:585)
at org.testng.SuiteRunner.runTest(SuiteRunner.java:384)
at org.testng.SuiteRunner.runSequentially(SuiteRunner.java:378)
at org.testng.SuiteRunner.privateRun(SuiteRunner.java:337)
at org.testng.SuiteRunner.run(SuiteRunner.java:286)
at org.testng.SuiteRunnerWorker.runSuite(SuiteRunnerWorker.java:53)
at org.testng.SuiteRunnerWorker.run(SuiteRunnerWorker.java:96)
at org.testng.TestNG.runSuitesSequentially(TestNG.java:1218)
at org.testng.TestNG.runSuitesLocally(TestNG.java:1140)
at org.testng.TestNG.runSuites(TestNG.java:1069)
at org.testng.TestNG.run(TestNG.java:1037)
at com.intellij.rt.testng.IDEARemoteTestNG.run(IDEARemoteTestNG.java:66)
at com.intellij.rt.testng.RemoteTestNGStarter.main(RemoteTestNGStarter.java:109)
]]>
            </full-stacktrace>
          </exception> <!-- java.lang.AssertionError -->
          <reporter-output>
          </reporter-output>
        </test-method> <!-- myTest2 -->
        <test-method is-config="true" signature="tearDown()[pri:0, instance:Example3@7181ae3f]" started-at="2021-01-21T16:12:43 MST" name="tearDown" finished-at="2021-01-21T16:12:44 MST" duration-ms="655" status="PASS">
          <reporter-output>
          </reporter-output>
        </test-method> <!-- tearDown -->
      </class> <!-- Example3 -->
    </test> <!-- DemoProject -->
  </suite> <!-- Default Suite -->
</testng-results>
